<?xml version="1.0" encoding="UTF-8"?>
<testsuite name="org.oop.PointTest" tests="1" skipped="0" failures="0" errors="0" timestamp="2021-01-30T03:54:35" hostname="Gauravs-MacBook-Pro.local" time="0.018">
  <properties/>
  <testcase name="originAndPointOnYAxisShouldBeHalfPiRadiansAway()" classname="org.oop.PointTest" time="0.018"/>
  <system-out><![CDATA[]]></system-out>
  <system-err><![CDATA[]]></system-err>
</testsuite>
